{"level":"info","message":"Creating entry metadata..."}
{"level":"info","message":"Successfully completed the scanning of entries (en) 'Resort Testimonials'."}
{"level":"info","message":"Successfully completed the scanning of global field 'SEO and Search'."}
{"level":"info","message":"Successfully completed the scanning of global field 'Marquee'."}
{"level":"info","message":"Successfully completed the scanning of global field 'Landing Page Image Grid'."}
{"level":"info","message":"Successfully completed the scanning of global field 'Text Block'."}
{"level":"info","message":"Successfully completed the scanning of global field 'Tabs'."}
{"level":"info","message":"Successfully completed the scanning of global field 'Cards'."}
{"level":"info","message":"Successfully completed the scanning of global field 'Form Builder'."}
{"level":"info","message":"Successfully completed the scanning of global field 'Image Grid'."}
{"level":"info","message":"Successfully completed the scanning of global field 'Lead Capture'."}
{"level":"info","message":"Successfully completed the scanning of global field 'Product Banner'."}
{"level":"info","message":"Successfully completed the scanning of global field 'Category Banner'."}
{"level":"info","message":"Successfully completed the scanning of global field 'Agent'."}
{"level":"info","message":"Successfully completed the scanning of global field 'Recommendations Banner'."}
{"level":"info","message":"Successfully completed the scanning of content type 'Testimonials'."}
{"level":"info","message":"Successfully completed the scanning of content type 'Review'."}
{"level":"info","message":"Successfully completed the scanning of content type 'Rewards'."}
{"level":"info","message":"Successfully completed the scanning of content type 'Flights'."}
{"level":"info","message":"Successfully completed the scanning of content type 'Article List'."}
{"level":"info","message":"Successfully completed the scanning of content type 'Experiences'."}
{"level":"info","message":"Successfully completed the scanning of content type 'FAQ'."}
{"level":"info","message":"Successfully completed the scanning of content type 'Hero Banner'."}
{"level":"info","message":"Successfully completed the scanning of content type 'Config'."}
{"level":"info","message":"Successfully completed the scanning of content type 'test'."}
{"level":"info","message":"Successfully completed the scanning of content type 'Article'."}
{"level":"info","message":"Successfully completed the scanning of content type 'Header'."}
{"level":"info","message":"Successfully completed the scanning of content type 'Redirects'."}
{"level":"info","message":"Successfully completed the scanning of content type 'Resort Package'."}
{"level":"info","message":"Successfully completed the scanning of content type 'Homepage'."}
{"level":"info","message":"Successfully completed the scanning of content type 'PDP'."}
{"level":"info","message":"Successfully completed the scanning of content type 'PLP'."}
{"level":"info","message":"Successfully completed the scanning of content type 'Page'."}
{"level":"info","message":"Successfully completed the scanning of content type 'Events Page'."}
{"level":"info","message":"Successfully completed the scanning of content type 'Event'."}
{"level":"info","message":"Successfully completed the scanning of workflow with UID blt578ee31975294117 and name Default Workflow."}
{"level":"info","message":"Creating entry metadata..."}
{"level":"info","message":"Creating entry metadata..."}
{"level":"info","message":"Successfully completed the scanning of content type 'Testimonials'."}
{"level":"info","message":"Successfully completed the scanning of content type 'Review'."}
{"level":"info","message":"Successfully completed the scanning of content type 'Rewards'."}
{"level":"info","message":"Successfully completed the scanning of content type 'Flights'."}
{"level":"info","message":"Successfully completed the scanning of content type 'Article List'."}
{"level":"info","message":"Successfully completed the scanning of content type 'Experiences'."}
{"level":"info","message":"Successfully completed the scanning of content type 'FAQ'."}
{"level":"info","message":"Successfully completed the scanning of content type 'Hero Banner'."}
{"level":"info","message":"Successfully completed the scanning of content type 'Config'."}
{"level":"info","message":"Successfully completed the scanning of content type 'test'."}
{"level":"info","message":"Completed Scanning of Field Rule '0' target of Content-type 'article'"}
{"level":"info","message":"Completed Scanning of Field Rule '0' condition of Content-type 'article'"}
{"level":"info","message":"Successfully completed the scanning of content type 'Article'."}
{"level":"info","message":"Successfully completed the scanning of content type 'Header'."}
{"level":"info","message":"Successfully completed the scanning of content type 'Redirects'."}
{"level":"info","message":"Successfully completed the scanning of content type 'Resort Package'."}
{"level":"info","message":"Successfully completed the scanning of content type 'Homepage'."}
{"level":"info","message":"Successfully completed the scanning of content type 'PDP'."}
{"level":"info","message":"Successfully completed the scanning of content type 'PLP'."}
{"level":"info","message":"Successfully completed the scanning of content type 'Page'."}
{"level":"info","message":"Successfully completed the scanning of content type 'Events Page'."}
{"level":"info","message":"Successfully completed the scanning of content type 'Event'."}
{"level":"warn","message":"You can locate the fixed content at /Users/ericcrump/dev/Red-Panda-Resort-v2/_backup_986."}
{"level":"info","message":"Successfully completed the scanning of entries (en) 'Cindy M - review'."}
{"level":"info","message":"Successfully completed the scanning of entries (en) 'Robert S - review'."}
{"level":"info","message":"Successfully completed the scanning of entries (en) 'Samantha D - review'."}
{"level":"info","message":"Successfully completed the scanning of entries (en) 'Rewards'."}
{"level":"info","message":"Successfully completed the scanning of entries (en) 'Activities'."}
{"level":"info","message":"Successfully completed the scanning of entries (en) 'Experiences'."}
{"level":"info","message":"Successfully completed the scanning of entries (en) 'Maldives FAQ'."}
{"level":"info","message":"Successfully completed the scanning of entries (en) 'Experience Banner'."}
{"level":"info","message":"Successfully completed the scanning of entries (en) 'Cuisine Hero'."}
{"level":"info","message":"Successfully completed the scanning of entries (en) 'Config'."}
{"level":"info","message":"Successfully completed the scanning of entries (en) 'Botanical Bliss Facials'."}
{"level":"info","message":"Successfully completed the scanning of entries (en) 'Red Panda Restaurants'."}
{"level":"info","message":"Successfully completed the scanning of entries (en) 'Discover Maldivian Heritage at a Traditional Island Village'."}
{"level":"info","message":"Successfully completed the scanning of entries (en) 'Signature Himalayan Salt Stone Massage'."}
{"level":"info","message":"Successfully completed the scanning of entries (en) 'Aromatherapy Harmony Ritual'."}
{"level":"info","message":"Successfully completed the scanning of entries (en) 'Explore the Art of Maldivian Crafting'."}
{"level":"info","message":"Successfully completed the scanning of entries (en) 'The Rustic Elegance of Forest Hearth'."}
{"level":"info","message":"Successfully completed the scanning of entries (en) 'Experience Maldives Cuisine'."}
{"level":"info","message":"Successfully completed the scanning of entries (en) 'Savor the Flavors at Bamboo Grove'."}
{"level":"info","message":"Successfully completed the scanning of entries (en) 'History of the Maldives Tour'."}
{"level":"info","message":"Successfully completed the scanning of entries (en) 'Island Boating Tour'."}
{"level":"info","message":"Successfully completed the scanning of entries (en) 'Main Nav'."}
{"level":"info","message":"Successfully completed the scanning of entries (en) 'Redirects'."}
{"level":"info","message":"Successfully completed the scanning of entries (en) '6 Day Thrill Seeker Package'."}
{"level":"info","message":"Successfully completed the scanning of entries (en) '4 Day Active Package'."}
{"level":"info","message":"Successfully completed the scanning of entries (en) 'Homepage'."}
{"level":"info","message":"Successfully completed the scanning of entries (en) 'Party Night at Beachfront Bar'."}
{"level":"info","message":"Successfully completed the scanning of entries (en) 'Parasailing'."}
{"level":"info","message":"Successfully completed the scanning of entries (en) 'Drink Package'."}
{"level":"info","message":"Successfully completed the scanning of entries (en) 'Sailing'."}
{"level":"info","message":"Successfully completed the scanning of entries (en) 'Jet Skiing'."}
{"level":"info","message":"Successfully completed the scanning of entries (en) 'Cultural Tour'."}
{"level":"info","message":"Successfully completed the scanning of entries (en) 'Beachfront Dining'."}
{"level":"info","message":"Successfully completed the scanning of entries (en) 'Scuba Diving'."}
{"level":"info","message":"Successfully completed the scanning of entries (en) 'Reef Snorkeling'."}
{"level":"info","message":"Successfully completed the scanning of entries (en) 'Package Offers Exclusive'."}
{"level":"info","message":"Successfully completed the scanning of entries (en) 'Package Offers'."}
{"level":"info","message":"Successfully completed the scanning of entries (en) 'Spa Services'."}
{"level":"info","message":"Successfully completed the scanning of entries (en) 'Spa Services - Kiosk'."}
{"level":"info","message":"Successfully completed the scanning of entries (en) 'test page'."}
{"level":"info","message":"Successfully completed the scanning of entries (en) 'Example Page'."}
{"level":"info","message":"Successfully completed the scanning of entries (en) 'Luxury Spa Services at Red Panda Resort'."}
{"level":"info","message":"Successfully completed the scanning of entries (en) 'Events'."}
{"level":"info","message":"Successfully completed the scanning of entries (en) 'Sunset Fishing Trip'."}
{"level":"info","message":"Successfully completed the scanning of entries (en) 'Wine Tasting Evening'."}
{"level":"info","message":"Successfully completed the scanning of entries (en) 'Manta Ray Snorkeling Expedition'."}
{"level":"info","message":"Successfully completed the scanning of entries (en) 'Traditional Maldivian Bodu Beru Performance'."}
{"level":"info","message":"Successfully completed the scanning of entries (en) 'Stand-Up Paddleboard Yoga'."}
{"level":"info","message":"Successfully completed the scanning of entries (en) 'Stargazing Experience'."}
{"level":"info","message":"Successfully completed the scanning of entries (en) 'Spa Wellness Workshop'."}
{"level":"info","message":"Successfully completed the scanning of entries (en) 'Beachside BBQ Dinner'."}
{"level":"info","message":"Successfully completed the scanning of entries (en) 'Sunset Dolphin Watching Cruise'."}
{"level":"info","message":"Successfully completed the scanning of entries (en) 'Snorkeling Adventure to Coral Gardens'."}
{"level":"info","message":"Successfully completed the scanning of entries (en) 'Maldivian Cooking Class'."}
{"level":"info","message":"Successfully completed the scanning of entries (en) 'Sunrise Yoga on the Beach'."}
{"level":"info","message":"Successfully completed the scanning of entries (es) 'Resort Testimonials'."}
{"level":"info","message":"Successfully completed the scanning of entries (es) 'Robert S - review'."}
{"level":"info","message":"Successfully completed the scanning of entries (es) 'Cindy M - review'."}
{"level":"info","message":"Successfully completed the scanning of entries (es) 'Samantha D - review'."}
{"level":"info","message":"Successfully completed the scanning of entries (es) 'Recompensas'."}
{"level":"info","message":"Successfully completed the scanning of entries (es) 'Actividades'."}
{"level":"info","message":"Successfully completed the scanning of entries (es) 'Hogar Hogar'."}
{"level":"info","message":"Successfully completed the scanning of entries (es) 'Pancarta de boda'."}
{"level":"info","message":"Successfully completed the scanning of entries (es) 'Experience Banner-Fiji'."}
{"level":"info","message":"Successfully completed the scanning of entries (es) 'Banner de experiencia'."}
{"level":"info","message":"Successfully completed the scanning of entries (es) 'Tour en barco por la isla'."}
{"level":"info","message":"Successfully completed the scanning of entries (es) 'Experimenta la cocina de Maldivas'."}
{"level":"info","message":"Successfully completed the scanning of entries (es) 'Red Panda Restaurants'."}
{"level":"info","message":"Successfully completed the scanning of entries (es) 'Historia del Tour por las Maldivas'."}
{"level":"info","message":"Successfully completed the scanning of entries (es) 'Main Nav'."}
{"level":"info","message":"Successfully completed the scanning of entries (es) 'Homepage'."}
{"level":"info","message":"Successfully completed the scanning of entries (es) 'Homepage - Fiji'."}
{"level":"info","message":"Successfully completed the scanning of entries (es) 'Ofertas de paquetes'."}
{"level":"info","message":"Successfully completed the scanning of entries (de) 'Resort Testimonials'."}
{"level":"info","message":"Successfully completed the scanning of entries (de) 'Robert S - review'."}
{"level":"info","message":"Successfully completed the scanning of entries (de) 'Cindy M - review'."}
{"level":"info","message":"Successfully completed the scanning of entries (de) 'Samantha D - review'."}
{"level":"info","message":"Successfully completed the scanning of entries (de) 'Belohnungen'."}
{"level":"info","message":"Successfully completed the scanning of entries (de) 'Aktivitäten'."}
{"level":"info","message":"Successfully completed the scanning of entries (de) 'Zuhause Zuhause'."}
{"level":"info","message":"Successfully completed the scanning of entries (de) 'Hochzeitsbanner'."}
{"level":"info","message":"Successfully completed the scanning of entries (de) 'Experience Banner-Fiji'."}
{"level":"info","message":"Successfully completed the scanning of entries (de) 'Erlebnis Banner'."}
{"level":"info","message":"Successfully completed the scanning of entries (de) 'Insel Bootstour'."}
{"level":"info","message":"Successfully completed the scanning of entries (de) 'Erleben Sie die maledivische Küche'."}
{"level":"info","message":"Successfully completed the scanning of entries (de) 'Geschichte der Malediven Tour'."}
{"level":"info","message":"Successfully completed the scanning of entries (de) 'Red Panda Restaurants'."}
{"level":"info","message":"Successfully completed the scanning of entries (de) 'Main Nav'."}
{"level":"info","message":"Successfully completed the scanning of entries (de) 'Homepage'."}
{"level":"info","message":"Successfully completed the scanning of entries (de) 'Homepage - Fiji'."}
{"level":"info","message":"Successfully completed the scanning of entries (de) 'Pauschalangebote'."}
{"level":"info","message":"Successfully completed the scanning of entries (fr) 'Resort Testimonials'."}
{"level":"info","message":"Successfully completed the scanning of entries (fr) 'Robert S - review'."}
{"level":"info","message":"Successfully completed the scanning of entries (fr) 'Cindy M - review'."}
{"level":"info","message":"Successfully completed the scanning of entries (fr) 'Samantha D - review'."}
{"level":"info","message":"Successfully completed the scanning of entries (fr) 'Récompenses'."}
{"level":"info","message":"Successfully completed the scanning of entries (fr) 'Activités'."}
{"level":"info","message":"Successfully completed the scanning of entries (fr) 'Accueil Accueil'."}
{"level":"info","message":"Successfully completed the scanning of entries (fr) 'Bannière de mariage'."}
{"level":"info","message":"Successfully completed the scanning of entries (fr) 'Experience Banner-Fiji'."}
{"level":"info","message":"Successfully completed the scanning of entries (fr) 'Bannière d'expérience'."}
{"level":"info","message":"Successfully completed the scanning of entries (fr) 'Histoire du tour des Maldives'."}
{"level":"info","message":"Successfully completed the scanning of entries (fr) 'Tour en bateau autour de l'île'."}
{"level":"info","message":"Successfully completed the scanning of entries (fr) 'Expérience de la cuisine des Maldives'."}
{"level":"info","message":"Successfully completed the scanning of entries (fr) 'Red Panda Restaurants'."}
{"level":"info","message":"Successfully completed the scanning of entries (fr) 'Main Nav'."}
{"level":"info","message":"Successfully completed the scanning of entries (fr) 'Homepage'."}
{"level":"info","message":"Successfully completed the scanning of entries (fr) 'Homepage - Fiji'."}
{"level":"info","message":"Successfully completed the scanning of entries (fr) 'Offres de forfaits'."}
