{"level":"info","message":"Starting audit process"}
{"level":"info","message":"Audit process completed"}
{"level":"info","message":"Starting to import content version 2"}
{"level":"info","message":"Starting import of locales module"}
{"level":"info","message":"Batch No. (1/1) of Import locales is complete"}
{"level":"info","message":"Batch No. (1/1) of Update locales is complete"}
{"level":"info","message":"Starting import of environments module"}
{"level":"info","message":"Starting import of stack module"}
{"level":"info","message":"Migrating stack..."}
{"level":"info","message":"Successfully imported stack"}
{"level":"info","message":"Starting import of assets module"}
{"level":"info","message":"Batch No. (1/37) of import assets is complete"}
{"level":"info","message":"Batch No. (2/37) of import assets is complete"}
{"level":"info","message":"Batch No. (3/37) of import assets is complete"}
{"level":"info","message":"Batch No. (4/37) of import assets is complete"}
{"level":"info","message":"Batch No. (5/37) of import assets is complete"}
{"level":"info","message":"Batch No. (6/37) of import assets is complete"}
{"level":"info","message":"Batch No. (7/37) of import assets is complete"}
{"level":"info","message":"Batch No. (8/37) of import assets is complete"}
{"level":"info","message":"Batch No. (9/37) of import assets is complete"}
{"level":"info","message":"Batch No. (10/37) of import assets is complete"}
{"level":"info","message":"Batch No. (11/37) of import assets is complete"}
{"level":"info","message":"Batch No. (12/37) of import assets is complete"}
{"level":"info","message":"Batch No. (13/37) of import assets is complete"}
{"level":"info","message":"Batch No. (14/37) of import assets is complete"}
{"level":"info","message":"Batch No. (15/37) of import assets is complete"}
{"level":"info","message":"Batch No. (16/37) of import assets is complete"}
{"level":"info","message":"Batch No. (17/37) of import assets is complete"}
{"level":"info","message":"Batch No. (18/37) of import assets is complete"}
{"level":"info","message":"Batch No. (19/37) of import assets is complete"}
{"level":"info","message":"Batch No. (20/37) of import assets is complete"}
{"level":"info","message":"Batch No. (21/37) of import assets is complete"}
{"level":"info","message":"Batch No. (22/37) of import assets is complete"}
{"level":"info","message":"Batch No. (23/37) of import assets is complete"}
{"level":"info","message":"Batch No. (24/37) of import assets is complete"}
{"level":"info","message":"Batch No. (25/37) of import assets is complete"}
{"level":"info","message":"Batch No. (26/37) of import assets is complete"}
{"level":"info","message":"Batch No. (27/37) of import assets is complete"}
{"level":"info","message":"Batch No. (28/37) of import assets is complete"}
{"level":"info","message":"Batch No. (29/37) of import assets is complete"}
{"level":"info","message":"Batch No. (30/37) of import assets is complete"}
{"level":"info","message":"Batch No. (31/37) of import assets is complete"}
{"level":"info","message":"Batch No. (32/37) of import assets is complete"}
{"level":"info","message":"Batch No. (33/37) of import assets is complete"}
{"level":"info","message":"Batch No. (34/37) of import assets is complete"}
{"level":"info","message":"Batch No. (35/37) of import assets is complete"}
{"level":"info","message":"Batch No. (36/37) of import assets is complete"}
{"level":"info","message":"Batch No. (37/37) of import assets is complete"}
{"level":"info","message":"Batch No. (1/29) of assets publish is complete"}
{"level":"info","message":"Batch No. (2/29) of assets publish is complete"}
{"level":"info","message":"Batch No. (3/29) of assets publish is complete"}
{"level":"info","message":"Batch No. (4/29) of assets publish is complete"}
{"level":"info","message":"Batch No. (5/29) of assets publish is complete"}
{"level":"info","message":"Batch No. (6/29) of assets publish is complete"}
{"level":"info","message":"Batch No. (7/29) of assets publish is complete"}
{"level":"info","message":"Batch No. (8/29) of assets publish is complete"}
{"level":"info","message":"Batch No. (9/29) of assets publish is complete"}
{"level":"info","message":"Batch No. (10/29) of assets publish is complete"}
{"level":"info","message":"Batch No. (11/29) of assets publish is complete"}
{"level":"info","message":"Batch No. (12/29) of assets publish is complete"}
{"level":"info","message":"Batch No. (13/29) of assets publish is complete"}
{"level":"info","message":"Batch No. (14/29) of assets publish is complete"}
{"level":"info","message":"Batch No. (15/29) of assets publish is complete"}
{"level":"info","message":"Batch No. (16/29) of assets publish is complete"}
{"level":"info","message":"Batch No. (17/29) of assets publish is complete"}
{"level":"info","message":"Batch No. (18/29) of assets publish is complete"}
{"level":"info","message":"Batch No. (19/29) of assets publish is complete"}
{"level":"info","message":"Batch No. (20/29) of assets publish is complete"}
{"level":"info","message":"Batch No. (21/29) of assets publish is complete"}
{"level":"info","message":"Batch No. (22/29) of assets publish is complete"}
{"level":"info","message":"Batch No. (23/29) of assets publish is complete"}
{"level":"info","message":"Batch No. (24/29) of assets publish is complete"}
{"level":"info","message":"Batch No. (25/29) of assets publish is complete"}
{"level":"info","message":"Batch No. (26/29) of assets publish is complete"}
{"level":"info","message":"Batch No. (27/29) of assets publish is complete"}
{"level":"info","message":"Batch No. (28/29) of assets publish is complete"}
{"level":"info","message":"Batch No. (29/29) of assets publish is complete"}
{"level":"info","message":"Starting import of taxonomies module"}
{"level":"info","message":"Starting import of extensions module"}
{"level":"info","message":"Starting import of marketplace-apps module"}
{"level":"info","message":"Starting import of global-fields module"}
{"level":"info","message":"Batch No. (1/3) of Import global fields is complete"}
{"level":"info","message":"Batch No. (2/3) of Import global fields is complete"}
{"level":"info","message":"Batch No. (3/3) of Import global fields is complete"}
{"level":"info","message":"Batch No. (1/3) of Update Global Fields is complete"}
{"level":"info","message":"Batch No. (2/3) of Update Global Fields is complete"}
{"level":"info","message":"Batch No. (3/3) of Update Global Fields is complete"}
{"level":"info","message":"Starting import of content-types module"}
{"level":"info","message":"Batch No. (1/4) of Import content types is complete"}
{"level":"info","message":"Batch No. (2/4) of Import content types is complete"}
{"level":"info","message":"Batch No. (3/4) of Import content types is complete"}
{"level":"info","message":"Batch No. (4/4) of Import content types is complete"}
{"level":"info","message":"Batch No. (1/4) of Update content types is complete"}
{"level":"info","message":"Batch No. (2/4) of Update content types is complete"}
{"level":"info","message":"Batch No. (3/4) of Update content types is complete"}
{"level":"info","message":"Batch No. (4/4) of Update content types is complete"}
{"level":"info","message":"Batch No. (1/1) of Update pending global fields is complete"}
{"level":"info","message":"Starting import of personalize module"}
{"level":"info","message":"Starting import of custom-roles module"}
{"level":"info","message":"Starting import of workflows module"}
{"level":"info","message":"Starting import of entries module"}
{"level":"info","message":"Batch No. (1/4) of Update content types (removing mandatory references temporarily) is complete"}
{"level":"info","message":"Batch No. (2/4) of Update content types (removing mandatory references temporarily) is complete"}
{"level":"info","message":"Batch No. (3/4) of Update content types (removing mandatory references temporarily) is complete"}
{"level":"info","message":"Batch No. (4/4) of Update content types (removing mandatory references temporarily) is complete"}
{"level":"info","message":"Batch No. (1/1) of Create Entries is complete"}
{"level":"info","message":"Batch No. (1/1) of Create Entries is complete"}
{"level":"info","message":"Batch No. (1/1) of Create Entries is complete"}
{"level":"info","message":"Batch No. (1/1) of Create Entries is complete"}
{"level":"info","message":"Batch No. (1/1) of Create Entries is complete"}
{"level":"info","message":"Batch No. (1/1) of Create Entries is complete"}
{"level":"info","message":"Batch No. (1/1) of Create Entries is complete"}
{"level":"info","message":"Batch No. (1/1) of Create Entries is complete"}
{"level":"info","message":"Batch No. (1/3) of Create Entries is complete"}
{"level":"info","message":"Batch No. (2/3) of Create Entries is complete"}
{"level":"info","message":"Batch No. (3/3) of Create Entries is complete"}
{"level":"info","message":"Batch No. (1/1) of Create Entries is complete"}
{"level":"info","message":"Batch No. (1/1) of Create Entries is complete"}
{"level":"info","message":"Batch No. (1/1) of Create Entries is complete"}
{"level":"info","message":"Batch No. (1/1) of Create Entries is complete"}
{"level":"info","message":"Batch No. (1/2) of Create Entries is complete"}
{"level":"info","message":"Batch No. (2/2) of Create Entries is complete"}
{"level":"info","message":"Batch No. (1/1) of Create Entries is complete"}
{"level":"info","message":"Batch No. (1/1) of Create Entries is complete"}
{"level":"info","message":"Batch No. (1/1) of Create Entries is complete"}
{"level":"info","message":"Batch No. (1/3) of Create Entries is complete"}
{"level":"info","message":"Batch No. (2/3) of Create Entries is complete"}
{"level":"info","message":"Batch No. (3/3) of Create Entries is complete"}
{"level":"info","message":"Batch No. (1/1) of Create Entries is complete"}
{"level":"info","message":"Batch No. (1/1) of Create Entries is complete"}
{"level":"info","message":"Batch No. (1/1) of Create Entries is complete"}
{"level":"info","message":"Batch No. (1/1) of Create Entries is complete"}
{"level":"info","message":"Batch No. (1/1) of Create Entries is complete"}
{"level":"info","message":"Batch No. (1/1) of Create Entries is complete"}
{"level":"info","message":"Batch No. (1/1) of Create Entries is complete"}
{"level":"info","message":"Batch No. (1/1) of Create Entries is complete"}
{"level":"info","message":"Batch No. (1/1) of Create Entries is complete"}
{"level":"info","message":"Batch No. (1/1) of Create Entries is complete"}
{"level":"info","message":"Batch No. (1/1) of Create Entries is complete"}
{"level":"info","message":"Batch No. (1/1) of Create Entries is complete"}
{"level":"info","message":"Batch No. (1/1) of Create Entries is complete"}
{"level":"info","message":"Batch No. (1/1) of Create Entries is complete"}
{"level":"info","message":"Batch No. (1/1) of Create Entries is complete"}
{"level":"info","message":"Batch No. (1/1) of Create Entries is complete"}
{"level":"info","message":"Batch No. (1/1) of Create Entries is complete"}
{"level":"info","message":"Batch No. (1/1) of Create Entries is complete"}
{"level":"info","message":"Batch No. (1/1) of Create Entries is complete"}
{"level":"info","message":"Batch No. (1/1) of Create Entries is complete"}
{"level":"info","message":"Batch No. (1/1) of Create Entries is complete"}
{"level":"info","message":"Batch No. (1/1) of Create Entries is complete"}
{"level":"info","message":"Batch No. (1/1) of Create Entries is complete"}
{"level":"info","message":"Batch No. (1/1) of Create Entries is complete"}
{"level":"info","message":"Batch No. (1/1) of Create Entries is complete"}
{"level":"info","message":"Batch No. (1/1) of Create Entries is complete"}
{"level":"info","message":"Batch No. (1/1) of Create Entries is complete"}
{"level":"info","message":"Batch No. (1/1) of Remove auto created entry in master locale is complete"}
{"level":"info","message":"Batch No. (1/1) of Update Entries is complete"}
{"level":"info","message":"Batch No. (1/1) of Update Entries is complete"}
{"level":"info","message":"Batch No. (1/1) of Update Entries is complete"}
{"level":"info","message":"Batch No. (1/1) of Update Entries is complete"}
{"level":"info","message":"Batch No. (1/1) of Update Entries is complete"}
{"level":"info","message":"Batch No. (1/2) of Update Entries is complete"}
{"level":"info","message":"Batch No. (2/2) of Update Entries is complete"}
{"level":"info","message":"Batch No. (1/1) of Update Entries is complete"}
{"level":"info","message":"Batch No. (1/1) of Update Entries is complete"}
{"level":"info","message":"Batch No. (1/1) of Update Entries is complete"}
{"level":"info","message":"Batch No. (1/1) of Update Entries is complete"}
{"level":"info","message":"Batch No. (1/1) of Update Entries is complete"}
{"level":"info","message":"Batch No. (1/1) of Update Entries is complete"}
{"level":"info","message":"Batch No. (1/1) of Update Entries is complete"}
{"level":"info","message":"Batch No. (1/1) of Update Entries is complete"}
{"level":"info","message":"Batch No. (1/1) of Update Entries is complete"}
{"level":"info","message":"Batch No. (1/1) of Update Entries is complete"}
{"level":"info","message":"Batch No. (1/1) of Update Entries is complete"}
{"level":"info","message":"Batch No. (1/1) of Update Entries is complete"}
{"level":"info","message":"Batch No. (1/1) of Update Entries is complete"}
{"level":"info","message":"Batch No. (1/1) of Update Entries is complete"}
{"level":"info","message":"Batch No. (1/1) of Update Entries is complete"}
{"level":"info","message":"Batch No. (1/1) of Update Entries is complete"}
{"level":"info","message":"Batch No. (1/1) of Update Entries is complete"}
{"level":"info","message":"Batch No. (1/1) of Update content type references is complete"}
{"level":"info","message":"Batch No. (1/3) of Publish Entries is complete"}
{"level":"info","message":"Batch No. (2/3) of Publish Entries is complete"}
{"level":"info","message":"Batch No. (3/3) of Publish Entries is complete"}
{"level":"info","message":"Batch No. (1/8) of Publish Entries is complete"}
{"level":"info","message":"Batch No. (2/8) of Publish Entries is complete"}
{"level":"info","message":"Batch No. (3/8) of Publish Entries is complete"}
{"level":"info","message":"Batch No. (4/8) of Publish Entries is complete"}
{"level":"info","message":"Batch No. (5/8) of Publish Entries is complete"}
{"level":"info","message":"Batch No. (6/8) of Publish Entries is complete"}
{"level":"info","message":"Batch No. (7/8) of Publish Entries is complete"}
{"level":"info","message":"Batch No. (8/8) of Publish Entries is complete"}
{"level":"info","message":"Batch No. (1/3) of Publish Entries is complete"}
{"level":"info","message":"Batch No. (2/3) of Publish Entries is complete"}
{"level":"info","message":"Batch No. (3/3) of Publish Entries is complete"}
{"level":"info","message":"Batch No. (1/3) of Publish Entries is complete"}
{"level":"info","message":"Batch No. (2/3) of Publish Entries is complete"}
{"level":"info","message":"Batch No. (3/3) of Publish Entries is complete"}
{"level":"info","message":"Batch No. (1/1) of Publish Entries is complete"}
{"level":"info","message":"Batch No. (1/1) of Publish Entries is complete"}
{"level":"info","message":"Batch No. (1/3) of Publish Entries is complete"}
{"level":"info","message":"Batch No. (2/3) of Publish Entries is complete"}
{"level":"info","message":"Batch No. (3/3) of Publish Entries is complete"}
{"level":"info","message":"Batch No. (1/2) of Publish Entries is complete"}
{"level":"info","message":"Batch No. (2/2) of Publish Entries is complete"}
{"level":"info","message":"Batch No. (1/27) of Publish Entries is complete"}
{"level":"info","message":"Batch No. (2/27) of Publish Entries is complete"}
{"level":"info","message":"Batch No. (3/27) of Publish Entries is complete"}
{"level":"info","message":"Batch No. (4/27) of Publish Entries is complete"}
{"level":"info","message":"Batch No. (5/27) of Publish Entries is complete"}
{"level":"info","message":"Batch No. (6/27) of Publish Entries is complete"}
{"level":"info","message":"Batch No. (7/27) of Publish Entries is complete"}
{"level":"info","message":"Batch No. (8/27) of Publish Entries is complete"}
{"level":"info","message":"Batch No. (9/27) of Publish Entries is complete"}
{"level":"info","message":"Batch No. (10/27) of Publish Entries is complete"}
{"level":"info","message":"Batch No. (11/27) of Publish Entries is complete"}
{"level":"info","message":"Batch No. (12/27) of Publish Entries is complete"}
{"level":"info","message":"Batch No. (13/27) of Publish Entries is complete"}
{"level":"info","message":"Batch No. (14/27) of Publish Entries is complete"}
{"level":"info","message":"Batch No. (15/27) of Publish Entries is complete"}
{"level":"info","message":"Batch No. (16/27) of Publish Entries is complete"}
{"level":"info","message":"Batch No. (17/27) of Publish Entries is complete"}
{"level":"info","message":"Batch No. (18/27) of Publish Entries is complete"}
{"level":"info","message":"Batch No. (19/27) of Publish Entries is complete"}
{"level":"info","message":"Batch No. (20/27) of Publish Entries is complete"}
{"level":"info","message":"Batch No. (21/27) of Publish Entries is complete"}
{"level":"info","message":"Batch No. (22/27) of Publish Entries is complete"}
{"level":"info","message":"Batch No. (23/27) of Publish Entries is complete"}
{"level":"info","message":"Batch No. (24/27) of Publish Entries is complete"}
{"level":"info","message":"Batch No. (25/27) of Publish Entries is complete"}
{"level":"info","message":"Batch No. (26/27) of Publish Entries is complete"}
{"level":"info","message":"Batch No. (27/27) of Publish Entries is complete"}
{"level":"info","message":"Batch No. (1/3) of Publish Entries is complete"}
{"level":"info","message":"Batch No. (2/3) of Publish Entries is complete"}
{"level":"info","message":"Batch No. (3/3) of Publish Entries is complete"}
{"level":"info","message":"Batch No. (1/1) of Publish Entries is complete"}
{"level":"info","message":"Batch No. (1/1) of Publish Entries is complete"}
{"level":"info","message":"Batch No. (1/3) of Publish Entries is complete"}
{"level":"info","message":"Batch No. (2/3) of Publish Entries is complete"}
{"level":"info","message":"Batch No. (3/3) of Publish Entries is complete"}
{"level":"info","message":"Batch No. (1/2) of Publish Entries is complete"}
{"level":"info","message":"Batch No. (2/2) of Publish Entries is complete"}
{"level":"info","message":"Batch No. (1/3) of Publish Entries is complete"}
{"level":"info","message":"Batch No. (2/3) of Publish Entries is complete"}
{"level":"info","message":"Batch No. (3/3) of Publish Entries is complete"}
{"level":"info","message":"Batch No. (1/4) of Publish Entries is complete"}
{"level":"info","message":"Batch No. (2/4) of Publish Entries is complete"}
{"level":"info","message":"Batch No. (3/4) of Publish Entries is complete"}
{"level":"info","message":"Batch No. (4/4) of Publish Entries is complete"}
{"level":"info","message":"Batch No. (1/1) of Publish Entries is complete"}
{"level":"info","message":"Batch No. (1/3) of Publish Entries is complete"}
{"level":"info","message":"Batch No. (2/3) of Publish Entries is complete"}
{"level":"info","message":"Batch No. (3/3) of Publish Entries is complete"}
{"level":"info","message":"Batch No. (1/1) of Publish Entries is complete"}
{"level":"info","message":"Batch No. (1/2) of Publish Entries is complete"}
{"level":"info","message":"Batch No. (2/2) of Publish Entries is complete"}
{"level":"info","message":"Batch No. (1/1) of Publish Entries is complete"}
{"level":"info","message":"Batch No. (1/1) of Publish Entries is complete"}
{"level":"info","message":"Batch No. (1/2) of Publish Entries is complete"}
{"level":"info","message":"Batch No. (2/2) of Publish Entries is complete"}
{"level":"info","message":"Batch No. (1/3) of Publish Entries is complete"}
{"level":"info","message":"Batch No. (2/3) of Publish Entries is complete"}
{"level":"info","message":"Batch No. (3/3) of Publish Entries is complete"}
{"level":"info","message":"Batch No. (1/1) of Publish Entries is complete"}
{"level":"info","message":"Batch No. (1/1) of Publish Entries is complete"}
{"level":"info","message":"Batch No. (1/1) of Publish Entries is complete"}
{"level":"info","message":"Batch No. (1/1) of Publish Entries is complete"}
{"level":"info","message":"Batch No. (1/2) of Publish Entries is complete"}
{"level":"info","message":"Batch No. (2/2) of Publish Entries is complete"}
{"level":"info","message":"Batch No. (1/1) of Publish Entries is complete"}
{"level":"info","message":"Batch No. (1/1) of Publish Entries is complete"}
{"level":"info","message":"Batch No. (1/2) of Publish Entries is complete"}
{"level":"info","message":"Batch No. (2/2) of Publish Entries is complete"}
{"level":"info","message":"Batch No. (1/3) of Publish Entries is complete"}
{"level":"info","message":"Batch No. (2/3) of Publish Entries is complete"}
{"level":"info","message":"Batch No. (3/3) of Publish Entries is complete"}
{"level":"info","message":"Batch No. (1/1) of Publish Entries is complete"}
{"level":"info","message":"Batch No. (1/1) of Publish Entries is complete"}
{"level":"info","message":"Batch No. (1/1) of Publish Entries is complete"}
{"level":"info","message":"Batch No. (1/1) of Publish Entries is complete"}
{"level":"info","message":"Batch No. (1/2) of Publish Entries is complete"}
{"level":"info","message":"Batch No. (2/2) of Publish Entries is complete"}
{"level":"info","message":"Batch No. (1/1) of Publish Entries is complete"}
{"level":"info","message":"Batch No. (1/1) of Publish Entries is complete"}
{"level":"info","message":"Batch No. (1/2) of Publish Entries is complete"}
{"level":"info","message":"Batch No. (2/2) of Publish Entries is complete"}
{"level":"info","message":"Batch No. (1/3) of Publish Entries is complete"}
{"level":"info","message":"Batch No. (2/3) of Publish Entries is complete"}
{"level":"info","message":"Batch No. (3/3) of Publish Entries is complete"}
{"level":"info","message":"Batch No. (1/1) of Publish Entries is complete"}
{"level":"info","message":"Batch No. (1/1) of Publish Entries is complete"}
{"level":"info","message":"Batch No. (1/1) of Publish Entries is complete"}
{"level":"info","message":"Starting import of variant-entries module"}
{"level":"info","message":"Starting import of labels module"}
{"level":"info","message":"Starting import of webhooks module"}
