{"level":"warn","message":"Content type does not exist: page","timestamp":"2025-11-26T14:03:40.875Z"}
{"level":"warn","message":"Content type does not exist: plp","timestamp":"2025-11-26T14:03:40.891Z"}
{"level":"warn","message":"Content type does not exist: page","timestamp":"2025-11-26T14:03:40.943Z"}
{"level":"warn","message":"Content type does not exist: plp","timestamp":"2025-11-26T14:03:41.924Z"}
{"level":"warn","message":"No mapping found for global field: seo","timestamp":"2025-11-26T14:03:46.564Z"}
{"level":"warn","message":"No mapping found for global field: seo","timestamp":"2025-11-26T14:03:48.566Z"}
{"level":"warn","message":"No mapping found for global field: seo","timestamp":"2025-11-26T14:03:48.570Z"}
{"level":"warn","message":"No mapping found for global field: seo","timestamp":"2025-11-26T14:03:49.570Z"}
{"level":"warn","message":"No mapping found for global field: seo","timestamp":"2025-11-26T14:04:16.330Z"}
{"level":"warn","message":"No mapping found for global field: seo","timestamp":"2025-11-26T14:05:33.784Z"}
{"level":"warn","message":"No mapping found for global field: seo","timestamp":"2025-11-26T14:07:26.897Z"}
{"level":"warn","message":"No mapping found for global field: seo","timestamp":"2025-11-26T14:07:26.897Z"}
{"level":"warn","message":"No mapping found for global field: seo","timestamp":"2025-11-26T14:07:26.898Z"}
{"level":"warn","message":"No mapping found for global field: seo","timestamp":"2025-11-26T14:07:26.899Z"}
{"level":"warn","message":"No mapping found for global field: seo","timestamp":"2025-11-26T14:07:26.899Z"}
{"level":"warn","message":"No mapping found for global field: seo","timestamp":"2025-11-26T14:07:27.559Z"}
{"level":"warn","message":"No mapping found for global field: seo","timestamp":"2025-11-26T14:07:27.561Z"}
{"level":"warn","message":"Found 2 unmapped entry references","timestamp":"2025-11-26T14:07:27.989Z"}
{"level":"warn","message":"Found 2 unmapped entry references","timestamp":"2025-11-26T14:07:27.991Z"}
{"level":"warn","message":"Found 2 unmapped entry references","timestamp":"2025-11-26T14:07:27.994Z"}
{"level":"warn","message":"No mapping found for global field: seo","timestamp":"2025-11-26T14:07:28.177Z"}
{"level":"warn","message":"No mapping found for global field: seo","timestamp":"2025-11-26T14:07:28.178Z"}
{"level":"warn","message":"No mapping found for global field: seo","timestamp":"2025-11-26T14:07:28.180Z"}
{"level":"warn","message":"No mapping found for global field: seo","timestamp":"2025-11-26T14:07:28.556Z"}
{"level":"warn","message":"No mapping found for global field: seo","timestamp":"2025-11-26T14:07:28.557Z"}
{"level":"warn","message":"No mapping found for global field: seo","timestamp":"2025-11-26T14:07:28.558Z"}
{"level":"warn","message":"No mapping found for global field: seo","timestamp":"2025-11-26T14:07:28.955Z"}
{"level":"warn","message":"No mapping found for global field: seo","timestamp":"2025-11-26T14:07:28.956Z"}
{"level":"warn","message":"Found 1 unmapped entry references","timestamp":"2025-11-26T14:07:28.966Z"}
{"level":"warn","message":"No mapping found for global field: seo","timestamp":"2025-11-26T14:07:28.969Z"}
{"level":"warn","message":"No mapping found for global field: seo","timestamp":"2025-11-26T14:07:28.969Z"}
{"level":"warn","message":"No mapping found for global field: seo","timestamp":"2025-11-26T14:07:28.970Z"}
{"level":"warn","message":"No mapping found for global field: seo","timestamp":"2025-11-26T14:07:29.335Z"}
{"level":"warn","message":"No mapping found for global field: seo","timestamp":"2025-11-26T14:07:29.337Z"}
{"level":"warn","message":"No mapping found for extension: bltf0370294624ad41c","timestamp":"2025-11-26T14:07:29.627Z"}
{"level":"warn","message":"No mapping found for extension: blt14575bdd0b97ca56","timestamp":"2025-11-26T14:07:29.627Z"}
{"level":"warn","message":"Found 2 unmapped entry references","timestamp":"2025-11-26T14:07:29.627Z"}
{"level":"warn","message":"No mapping found for global field: seo","timestamp":"2025-11-26T14:07:29.832Z"}
{"level":"warn","message":"No mapping found for global field: seo","timestamp":"2025-11-26T14:07:30.242Z"}
{"level":"warn","message":"No mapping found for global field: seo","timestamp":"2025-11-26T14:07:30.447Z"}
